<?xml version="1.0" encoding="UTF-8"?>
<coverage generated="1642438166861" clover="3.2.0">
  <project timestamp="1642438166861" name="All files">
    <metrics statements="195" coveredstatements="116" conditionals="85" coveredconditionals="32" methods="46" coveredmethods="22" elements="326" coveredelements="170" complexity="0" loc="195" ncloc="195" packages="4" files="14" classes="14"/>
    <package name="cli">
      <metrics statements="71" coveredstatements="21" conditionals="28" coveredconditionals="8" methods="21" coveredmethods="3"/>
      <file name="toViteSSR.js" path="/Users/PShryock/Desktop/paul/slinkity/packages/slinkity/cli/toViteSSR.js">
        <metrics statements="51" coveredstatements="14" conditionals="26" coveredconditionals="8" methods="15" coveredmethods="3"/>
        <line num="1" count="1" type="stmt"/>
        <line num="2" count="1" type="stmt"/>
        <line num="3" count="1" type="stmt"/>
        <line num="4" count="1" type="stmt"/>
        <line num="13" count="30" type="stmt"/>
        <line num="16" count="1" type="stmt"/>
        <line num="26" count="23" type="cond" truecount="5" falsecount="0"/>
        <line num="28" count="18" type="stmt"/>
        <line num="29" count="18" type="cond" truecount="2" falsecount="0"/>
        <line num="30" count="7" type="stmt"/>
        <line num="32" count="11" type="stmt"/>
        <line num="33" count="20" type="stmt"/>
        <line num="38" count="1" type="stmt"/>
        <line num="49" count="0" type="stmt"/>
        <line num="62" count="0" type="stmt"/>
        <line num="63" count="0" type="stmt"/>
        <line num="64" count="0" type="stmt"/>
        <line num="68" count="0" type="cond" truecount="0" falsecount="2"/>
        <line num="69" count="0" type="stmt"/>
        <line num="73" count="0" type="stmt"/>
        <line num="75" count="0" type="cond" truecount="0" falsecount="2"/>
        <line num="76" count="0" type="stmt"/>
        <line num="109" count="0" type="stmt"/>
        <line num="111" count="0" type="stmt"/>
        <line num="113" count="0" type="cond" truecount="0" falsecount="2"/>
        <line num="115" count="0" type="stmt"/>
        <line num="116" count="0" type="stmt"/>
        <line num="118" count="0" type="cond" truecount="0" falsecount="4"/>
        <line num="119" count="0" type="stmt"/>
        <line num="123" count="0" type="cond" truecount="0" falsecount="2"/>
        <line num="124" count="0" type="stmt"/>
        <line num="125" count="0" type="stmt"/>
        <line num="127" count="0" type="stmt"/>
        <line num="128" count="0" type="stmt"/>
        <line num="129" count="0" type="stmt"/>
        <line num="130" count="0" type="stmt"/>
        <line num="131" count="0" type="stmt"/>
        <line num="137" count="0" type="stmt"/>
        <line num="144" count="0" type="stmt"/>
        <line num="145" count="0" type="stmt"/>
        <line num="148" count="0" type="stmt"/>
        <line num="151" count="0" type="stmt"/>
        <line num="158" count="0" type="stmt"/>
        <line num="162" count="0" type="stmt"/>
        <line num="164" count="0" type="cond" truecount="0" falsecount="4"/>
        <line num="165" count="0" type="stmt"/>
        <line num="167" count="0" type="stmt"/>
        <line num="173" count="0" type="stmt"/>
        <line num="174" count="0" type="stmt"/>
        <line num="177" count="0" type="stmt"/>
        <line num="184" count="1" type="stmt"/>
      </file>
      <file name="vite.js" path="/Users/PShryock/Desktop/paul/slinkity/packages/slinkity/cli/vite.js">
        <metrics statements="20" coveredstatements="7" conditionals="2" coveredconditionals="0" methods="6" coveredmethods="0"/>
        <line num="1" count="1" type="stmt"/>
        <line num="2" count="1" type="stmt"/>
        <line num="3" count="1" type="stmt"/>
        <line num="4" count="1" type="stmt"/>
        <line num="5" count="1" type="stmt"/>
        <line num="6" count="1" type="stmt"/>
        <line num="9" count="0" type="stmt"/>
        <line num="19" count="0" type="stmt"/>
        <line num="33" count="0" type="stmt"/>
        <line num="34" count="0" type="stmt"/>
        <line num="36" count="0" type="stmt"/>
        <line num="37" count="0" type="stmt"/>
        <line num="38" count="0" type="stmt"/>
        <line num="39" count="0" type="stmt"/>
        <line num="40" count="0" type="stmt"/>
        <line num="60" count="0" type="stmt"/>
        <line num="80" count="0" type="stmt"/>
        <line num="81" count="0" type="cond" truecount="0" falsecount="2"/>
        <line num="82" count="0" type="stmt"/>
        <line num="100" count="1" type="stmt"/>
      </file>
    </package>
    <package name="eleventyConfig">
      <metrics statements="51" coveredstatements="43" conditionals="17" coveredconditionals="7" methods="10" coveredmethods="9"/>
      <file name="applyViteHtmlTransform.js" path="/Users/PShryock/Desktop/paul/slinkity/packages/slinkity/eleventyConfig/applyViteHtmlTransform.js">
        <metrics statements="30" coveredstatements="26" conditionals="8" coveredconditionals="3" methods="5" coveredmethods="5"/>
        <line num="1" count="1" type="stmt"/>
        <line num="2" count="1" type="stmt"/>
        <line num="8" count="1" type="stmt"/>
        <line num="9" count="1" type="stmt"/>
        <line num="10" count="1" type="stmt"/>
        <line num="11" count="1" type="stmt"/>
        <line num="12" count="1" type="stmt"/>
        <line num="14" count="1" type="stmt"/>
        <line num="29" count="2" type="stmt"/>
        <line num="30" count="2" type="stmt"/>
        <line num="31" count="2" type="stmt"/>
        <line num="32" count="2" type="stmt"/>
        <line num="33" count="6" type="stmt"/>
        <line num="34" count="6" type="stmt"/>
        <line num="35" count="10" type="stmt"/>
        <line num="38" count="6" type="stmt"/>
        <line num="47" count="2" type="stmt"/>
        <line num="50" count="3" type="stmt"/>
        <line num="51" count="3" type="stmt"/>
        <line num="52" count="3" type="stmt"/>
        <line num="53" count="3" type="stmt"/>
        <line num="61" count="10" type="stmt"/>
        <line num="68" count="2" type="stmt"/>
        <line num="84" count="2" type="cond" truecount="3" falsecount="1"/>
        <line num="85" count="2" type="stmt"/>
        <line num="88" count="0" type="stmt"/>
        <line num="89" count="0" type="stmt"/>
        <line num="90" count="0" type="stmt"/>
        <line num="91" count="0" type="cond" truecount="0" falsecount="4"/>
        <line num="94" count="1" type="stmt"/>
      </file>
      <file name="componentAttrStore.js" path="/Users/PShryock/Desktop/paul/slinkity/packages/slinkity/eleventyConfig/componentAttrStore.js">
        <metrics statements="11" coveredstatements="10" conditionals="4" coveredconditionals="3" methods="4" coveredmethods="3"/>
        <line num="26" count="3" type="stmt"/>
        <line num="34" count="3" type="stmt"/>
        <line num="35" count="3" type="cond" truecount="2" falsecount="0"/>
        <line num="36" count="1" type="stmt"/>
        <line num="38" count="3" type="stmt"/>
        <line num="39" count="3" type="stmt"/>
        <line num="40" count="3" type="stmt"/>
        <line num="49" count="3" type="cond" truecount="1" falsecount="1"/>
        <line num="57" count="0" type="stmt"/>
        <line num="60" count="3" type="stmt"/>
        <line num="67" count="1" type="stmt"/>
      </file>
      <file name="toLoaderScript.js" path="/Users/PShryock/Desktop/paul/slinkity/packages/slinkity/eleventyConfig/toLoaderScript.js">
        <metrics statements="10" coveredstatements="7" conditionals="5" coveredconditionals="1" methods="1" coveredmethods="1"/>
        <line num="1" count="1" type="stmt"/>
        <line num="2" count="1" type="stmt"/>
        <line num="3" count="1" type="stmt"/>
        <line num="15" count="1" type="cond" truecount="0" falsecount="1"/>
        <line num="18" count="3" type="stmt"/>
        <line num="19" count="3" type="cond" truecount="1" falsecount="1"/>
        <line num="20" count="3" type="stmt"/>
        <line num="30" count="0" type="cond" truecount="0" falsecount="2"/>
        <line num="31" count="0" type="stmt"/>
        <line num="41" count="0" type="stmt"/>
      </file>
    </package>
    <package name="eleventyConfig.reactPlugin">
      <metrics statements="31" coveredstatements="22" conditionals="16" coveredconditionals="9" methods="5" coveredmethods="3"/>
      <file name="addShortcode.js" path="/Users/PShryock/Desktop/paul/slinkity/packages/slinkity/eleventyConfig/reactPlugin/addShortcode.js">
        <metrics statements="24" coveredstatements="15" conditionals="9" coveredconditionals="4" methods="3" coveredmethods="1"/>
        <line num="1" count="1" type="stmt"/>
        <line num="2" count="1" type="stmt"/>
        <line num="3" count="1" type="stmt"/>
        <line num="5" count="1" type="cond" truecount="2" falsecount="0"/>
        <line num="6" count="5" type="cond" truecount="2" falsecount="0"/>
        <line num="7" count="1" type="stmt"/>
        <line num="8" count="1" type="stmt"/>
        <line num="10" count="4" type="stmt"/>
        <line num="11" count="4" type="stmt"/>
        <line num="12" count="4" type="stmt"/>
        <line num="13" count="4" type="stmt"/>
        <line num="14" count="4" type="stmt"/>
        <line num="16" count="4" type="stmt"/>
        <line num="26" count="1" type="stmt"/>
        <line num="30" count="0" type="stmt"/>
        <line num="32" count="0" type="stmt"/>
        <line num="35" count="0" type="stmt"/>
        <line num="37" count="0" type="cond" truecount="0" falsecount="2"/>
        <line num="38" count="0" type="stmt"/>
        <line num="40" count="0" type="stmt"/>
        <line num="48" count="0" type="cond" truecount="0" falsecount="1"/>
        <line num="49" count="0" type="stmt"/>
        <line num="57" count="0" type="stmt"/>
        <line num="60" count="1" type="stmt"/>
      </file>
      <file name="toRendererHtml.js" path="/Users/PShryock/Desktop/paul/slinkity/packages/slinkity/eleventyConfig/reactPlugin/toRendererHtml.js">
        <metrics statements="7" coveredstatements="7" conditionals="7" coveredconditionals="5" methods="2" coveredmethods="2"/>
        <line num="1" count="8" type="cond" truecount="0" falsecount="1"/>
        <line num="18" count="8" type="stmt"/>
        <line num="19" count="8" type="stmt"/>
        <line num="20" count="8" type="stmt"/>
        <line num="27" count="8" type="cond" truecount="1" falsecount="1"/>
        <line num="28" count="8" type="stmt"/>
        <line num="31" count="2" type="stmt"/>
      </file>
    </package>
    <package name="utils">
      <metrics statements="42" coveredstatements="30" conditionals="24" coveredconditionals="8" methods="10" coveredmethods="7"/>
      <file name="consts.js" path="/Users/PShryock/Desktop/paul/slinkity/packages/slinkity/utils/consts.js">
        <metrics statements="10" coveredstatements="10" conditionals="0" coveredconditionals="0" methods="1" coveredmethods="1"/>
        <line num="1" count="4" type="stmt"/>
        <line num="12" count="4" type="stmt"/>
        <line num="23" count="4" type="stmt"/>
        <line num="30" count="4" type="stmt"/>
        <line num="37" count="4" type="stmt"/>
        <line num="42" count="4" type="stmt"/>
        <line num="44" count="4" type="stmt"/>
        <line num="53" count="9" type="stmt"/>
        <line num="56" count="4" type="stmt"/>
        <line num="58" count="4" type="stmt"/>
      </file>
      <file name="logger.js" path="/Users/PShryock/Desktop/paul/slinkity/packages/slinkity/utils/logger.js">
        <metrics statements="7" coveredstatements="2" conditionals="6" coveredconditionals="0" methods="1" coveredmethods="0"/>
        <line num="1" count="2" type="stmt"/>
        <line num="3" count="2" type="stmt"/>
        <line num="15" count="0" type="cond" truecount="0" falsecount="2"/>
        <line num="16" count="0" type="stmt"/>
        <line num="17" count="0" type="cond" truecount="0" falsecount="2"/>
        <line num="18" count="0" type="stmt"/>
        <line num="20" count="0" type="stmt"/>
      </file>
      <file name="resolveConfigFilePath.js" path="/Users/PShryock/Desktop/paul/slinkity/packages/slinkity/utils/resolveConfigFilePath.js">
        <metrics statements="9" coveredstatements="3" conditionals="0" coveredconditionals="0" methods="1" coveredmethods="0"/>
        <line num="1" count="1" type="stmt"/>
        <line num="2" count="1" type="stmt"/>
        <line num="10" count="0" type="stmt"/>
        <line num="11" count="0" type="stmt"/>
        <line num="12" count="0" type="stmt"/>
        <line num="13" count="0" type="stmt"/>
        <line num="14" count="0" type="stmt"/>
        <line num="20" count="0" type="stmt"/>
        <line num="23" count="1" type="stmt"/>
      </file>
      <file name="toEscapedHtml.js" path="/Users/PShryock/Desktop/paul/slinkity/packages/slinkity/utils/toEscapedHtml.js">
        <metrics statements="2" coveredstatements="2" conditionals="0" coveredconditionals="0" methods="1" coveredmethods="1"/>
        <line num="6" count="2" type="stmt"/>
        <line num="8" count="36" type="stmt"/>
      </file>
      <file name="toFormattedDataForProps.js" path="/Users/PShryock/Desktop/paul/slinkity/packages/slinkity/utils/toFormattedDataForProps.js">
        <metrics statements="8" coveredstatements="8" conditionals="17" coveredconditionals="8" methods="3" coveredmethods="3"/>
        <line num="7" count="1" type="stmt"/>
        <line num="8" count="1" type="cond" truecount="1" falsecount="1"/>
        <line num="9" count="1" type="stmt"/>
        <line num="21" count="1" type="stmt"/>
        <line num="22" count="1" type="stmt"/>
        <line num="31" count="1" type="cond" truecount="1" falsecount="1"/>
        <line num="36" count="1" type="stmt"/>
        <line num="42" count="1" type="stmt"/>
      </file>
      <file name="toHtmlAttrString.js" path="/Users/PShryock/Desktop/paul/slinkity/packages/slinkity/utils/toHtmlAttrString.js">
        <metrics statements="4" coveredstatements="4" conditionals="1" coveredconditionals="0" methods="2" coveredmethods="2"/>
        <line num="1" count="2" type="stmt"/>
        <line num="9" count="2" type="cond" truecount="0" falsecount="1"/>
        <line num="10" count="17" type="stmt"/>
        <line num="12" count="36" type="stmt"/>
      </file>
      <file name="toSlashesTrimmed.js" path="/Users/PShryock/Desktop/paul/slinkity/packages/slinkity/utils/toSlashesTrimmed.js">
        <metrics statements="2" coveredstatements="1" conditionals="0" coveredconditionals="0" methods="1" coveredmethods="0"/>
        <line num="1" count="1" type="stmt"/>
        <line num="2" count="0" type="stmt"/>
      </file>
    </package>
  </project>
</coverage>
