{"/Users/PShryock/Desktop/paul/slinkity/packages/slinkity/cli/toViteSSR.js": {"path":"/Users/PShryock/Desktop/paul/slinkity/packages/slinkity/cli/toViteSSR.js","statementMap":{"0":{"start":{"line":1,"column":46},"end":{"line":1,"column":61}},"1":{"start":{"line":2,"column":26},"end":{"line":2,"column":56}},"2":{"start":{"line":3,"column":15},"end":{"line":3,"column":41}},"3":{"start":{"line":4,"column":28},"end":{"line":4,"column":45}},"4":{"start":{"line":13,"column":2},"end":{"line":13,"column":57}},"5":{"start":{"line":16,"column":0},"end":{"line":16,"column":44}},"6":{"start":{"line":26,"column":2},"end":{"line":26,"column":61}},"7":{"start":{"line":26,"column":55},"end":{"line":26,"column":61}},"8":{"start":{"line":28,"column":2},"end":{"line":28,"column":29}},"9":{"start":{"line":29,"column":2},"end":{"line":35,"column":3}},"10":{"start":{"line":30,"column":4},"end":{"line":30,"column":36}},"11":{"start":{"line":32,"column":4},"end":{"line":34,"column":6}},"12":{"start":{"line":33,"column":6},"end":{"line":33,"column":61}},"13":{"start":{"line":38,"column":0},"end":{"line":38,"column":38}},"14":{"start":{"line":49,"column":21},"end":{"line":60,"column":4}},"15":{"start":{"line":62,"column":21},"end":{"line":67,"column":3}},"16":{"start":{"line":63,"column":19},"end":{"line":63,"column":23}},"17":{"start":{"line":64,"column":21},"end":{"line":64,"column":23}},"18":{"start":{"line":68,"column":2},"end":{"line":74,"column":3}},"19":{"start":{"line":69,"column":4},"end":{"line":72,"column":6}},"20":{"start":{"line":73,"column":4},"end":{"line":73,"column":21}},"21":{"start":{"line":75,"column":27},"end":{"line":75,"column":94}},"22":{"start":{"line":76,"column":2},"end":{"line":83,"column":3}},"23":{"start":{"line":109,"column":24},"end":{"line":109,"column":58}},"24":{"start":{"line":111,"column":35},"end":{"line":111,"column":37}},"25":{"start":{"line":113,"column":2},"end":{"line":181,"column":3}},"26":{"start":{"line":115,"column":17},"end":{"line":115,"column":21}},"27":{"start":{"line":116,"column":4},"end":{"line":160,"column":5}},"28":{"start":{"line":118,"column":8},"end":{"line":120,"column":9}},"29":{"start":{"line":119,"column":10},"end":{"line":119,"column":51}},"30":{"start":{"line":123,"column":8},"end":{"line":143,"column":9}},"31":{"start":{"line":124,"column":28},"end":{"line":124,"column":64}},"32":{"start":{"line":125,"column":30},"end":{"line":125,"column":79}},"33":{"start":{"line":127,"column":35},"end":{"line":127,"column":44}},"34":{"start":{"line":128,"column":10},"end":{"line":128,"column":51}},"35":{"start":{"line":129,"column":10},"end":{"line":135,"column":11}},"36":{"start":{"line":130,"column":27},"end":{"line":130,"column":31}},"37":{"start":{"line":131,"column":29},"end":{"line":131,"column":31}},"38":{"start":{"line":137,"column":10},"end":{"line":142,"column":12}},"39":{"start":{"line":144,"column":8},"end":{"line":144,"column":55}},"40":{"start":{"line":145,"column":8},"end":{"line":145,"column":25}},"41":{"start":{"line":148,"column":8},"end":{"line":148,"column":21}},"42":{"start":{"line":151,"column":8},"end":{"line":157,"column":10}},"43":{"start":{"line":158,"column":8},"end":{"line":158,"column":21}},"44":{"start":{"line":162,"column":4},"end":{"line":180,"column":5}},"45":{"start":{"line":164,"column":8},"end":{"line":166,"column":9}},"46":{"start":{"line":165,"column":10},"end":{"line":165,"column":51}},"47":{"start":{"line":167,"column":27},"end":{"line":172,"column":10}},"48":{"start":{"line":173,"column":8},"end":{"line":173,"column":55}},"49":{"start":{"line":174,"column":8},"end":{"line":174,"column":25}},"50":{"start":{"line":177,"column":8},"end":{"line":177,"column":19}},"51":{"start":{"line":184,"column":0},"end":{"line":184,"column":36}}},"fnMap":{"0":{"name":"isStyleImport","decl":{"start":{"line":12,"column":9},"end":{"line":12,"column":22}},"loc":{"start":{"line":12,"column":28},"end":{"line":14,"column":1}},"line":12},"1":{"name":"collectCSS","decl":{"start":{"line":25,"column":9},"end":{"line":25,"column":19}},"loc":{"start":{"line":25,"column":74},"end":{"line":36,"column":1}},"line":25},"2":{"name":"(anonymous_2)","decl":{"start":{"line":32,"column":32},"end":{"line":32,"column":33}},"loc":{"start":{"line":32,"column":44},"end":{"line":34,"column":5}},"line":32},"3":{"name":"viteBuild","decl":{"start":{"line":48,"column":15},"end":{"line":48,"column":24}},"loc":{"start":{"line":48,"column":72},"end":{"line":84,"column":1}},"line":48},"4":{"name":"(anonymous_4)","decl":{"start":{"line":63,"column":13},"end":{"line":63,"column":14}},"loc":{"start":{"line":63,"column":19},"end":{"line":63,"column":23}},"line":63},"5":{"name":"(anonymous_5)","decl":{"start":{"line":64,"column":14},"end":{"line":64,"column":15}},"loc":{"start":{"line":64,"column":21},"end":{"line":64,"column":23}},"line":64},"6":{"name":"toViteSSR","decl":{"start":{"line":108,"column":15},"end":{"line":108,"column":24}},"loc":{"start":{"line":108,"column":47},"end":{"line":182,"column":1}},"line":108},"7":{"name":"(anonymous_7)","decl":{"start":{"line":117,"column":6},"end":{"line":117,"column":7}},"loc":{"start":{"line":117,"column":70},"end":{"line":146,"column":7}},"line":117},"8":{"name":"(anonymous_8)","decl":{"start":{"line":130,"column":21},"end":{"line":130,"column":22}},"loc":{"start":{"line":130,"column":27},"end":{"line":130,"column":31}},"line":130},"9":{"name":"(anonymous_9)","decl":{"start":{"line":131,"column":22},"end":{"line":131,"column":23}},"loc":{"start":{"line":131,"column":29},"end":{"line":131,"column":31}},"line":131},"10":{"name":"(anonymous_10)","decl":{"start":{"line":147,"column":6},"end":{"line":147,"column":7}},"loc":{"start":{"line":147,"column":18},"end":{"line":149,"column":7}},"line":147},"11":{"name":"(anonymous_11)","decl":{"start":{"line":150,"column":6},"end":{"line":150,"column":7}},"loc":{"start":{"line":150,"column":27},"end":{"line":159,"column":7}},"line":150},"12":{"name":"(anonymous_12)","decl":{"start":{"line":163,"column":6},"end":{"line":163,"column":7}},"loc":{"start":{"line":163,"column":69},"end":{"line":175,"column":7}},"line":163},"13":{"name":"(anonymous_13)","decl":{"start":{"line":176,"column":6},"end":{"line":176,"column":7}},"loc":{"start":{"line":176,"column":18},"end":{"line":178,"column":7}},"line":176},"14":{"name":"(anonymous_14)","decl":{"start":{"line":179,"column":6},"end":{"line":179,"column":7}},"loc":{"start":{"line":179,"column":21},"end":{"line":179,"column":23}},"line":179}},"branchMap":{"0":{"loc":{"start":{"line":25,"column":46},"end":{"line":25,"column":72}},"type":"default-arg","locations":[{"start":{"line":25,"column":63},"end":{"line":25,"column":72}}],"line":25},"1":{"loc":{"start":{"line":26,"column":2},"end":{"line":26,"column":61}},"type":"if","locations":[{"start":{"line":26,"column":2},"end":{"line":26,"column":61}},{"start":{},"end":{}}],"line":26},"2":{"loc":{"start":{"line":26,"column":6},"end":{"line":26,"column":53}},"type":"binary-expr","locations":[{"start":{"line":26,"column":6},"end":{"line":26,"column":10}},{"start":{"line":26,"column":14},"end":{"line":26,"column":22}},{"start":{"line":26,"column":26},"end":{"line":26,"column":53}}],"line":26},"3":{"loc":{"start":{"line":29,"column":2},"end":{"line":35,"column":3}},"type":"if","locations":[{"start":{"line":29,"column":2},"end":{"line":35,"column":3}},{"start":{"line":31,"column":9},"end":{"line":35,"column":3}}],"line":29},"4":{"loc":{"start":{"line":68,"column":2},"end":{"line":74,"column":3}},"type":"if","locations":[{"start":{"line":68,"column":2},"end":{"line":74,"column":3}},{"start":{},"end":{}}],"line":68},"5":{"loc":{"start":{"line":75,"column":47},"end":{"line":75,"column":70}},"type":"binary-expr","locations":[{"start":{"line":75,"column":47},"end":{"line":75,"column":64}},{"start":{"line":75,"column":68},"end":{"line":75,"column":70}}],"line":75},"6":{"loc":{"start":{"line":113,"column":2},"end":{"line":181,"column":3}},"type":"if","locations":[{"start":{"line":113,"column":2},"end":{"line":181,"column":3}},{"start":{"line":161,"column":9},"end":{"line":181,"column":3}}],"line":113},"7":{"loc":{"start":{"line":117,"column":39},"end":{"line":117,"column":68}},"type":"default-arg","locations":[{"start":{"line":117,"column":49},"end":{"line":117,"column":68}}],"line":117},"8":{"loc":{"start":{"line":118,"column":8},"end":{"line":120,"column":9}},"type":"if","locations":[{"start":{"line":118,"column":8},"end":{"line":120,"column":9}},{"start":{},"end":{}}],"line":118},"9":{"loc":{"start":{"line":118,"column":12},"end":{"line":118,"column":66}},"type":"binary-expr","locations":[{"start":{"line":118,"column":12},"end":{"line":118,"column":28}},{"start":{"line":118,"column":32},"end":{"line":118,"column":66}}],"line":118},"10":{"loc":{"start":{"line":123,"column":8},"end":{"line":143,"column":9}},"type":"if","locations":[{"start":{"line":123,"column":8},"end":{"line":143,"column":9}},{"start":{"line":136,"column":15},"end":{"line":143,"column":9}}],"line":123},"11":{"loc":{"start":{"line":163,"column":39},"end":{"line":163,"column":67}},"type":"default-arg","locations":[{"start":{"line":163,"column":49},"end":{"line":163,"column":67}}],"line":163},"12":{"loc":{"start":{"line":164,"column":8},"end":{"line":166,"column":9}},"type":"if","locations":[{"start":{"line":164,"column":8},"end":{"line":166,"column":9}},{"start":{},"end":{}}],"line":164},"13":{"loc":{"start":{"line":164,"column":12},"end":{"line":164,"column":66}},"type":"binary-expr","locations":[{"start":{"line":164,"column":12},"end":{"line":164,"column":28}},{"start":{"line":164,"column":32},"end":{"line":164,"column":66}}],"line":164}},"s":{"0":1,"1":1,"2":1,"3":1,"4":30,"5":1,"6":23,"7":5,"8":18,"9":18,"10":7,"11":11,"12":20,"13":1,"14":0,"15":0,"16":0,"17":0,"18":0,"19":0,"20":0,"21":0,"22":0,"23":0,"24":0,"25":0,"26":0,"27":0,"28":0,"29":0,"30":0,"31":0,"32":0,"33":0,"34":0,"35":0,"36":0,"37":0,"38":0,"39":0,"40":0,"41":0,"42":0,"43":0,"44":0,"45":0,"46":0,"47":0,"48":0,"49":0,"50":0,"51":1},"f":{"0":30,"1":23,"2":20,"3":0,"4":0,"5":0,"6":0,"7":0,"8":0,"9":0,"10":0,"11":0,"12":0,"13":0,"14":0},"b":{"0":[3],"1":[5,18],"2":[23,20,20],"3":[7,11],"4":[0,0],"5":[0,0],"6":[0,0],"7":[0],"8":[0,0],"9":[0,0],"10":[0,0],"11":[0],"12":[0,0],"13":[0,0]},"_coverageSchema":"1a1c01bbd47fc00a2c39e90264f33305004495a9","hash":"e4491baa56b7fca00cebacbaeca983f5e04e8f47"}
,"/Users/PShryock/Desktop/paul/slinkity/packages/slinkity/cli/vite.js": {"path":"/Users/PShryock/Desktop/paul/slinkity/packages/slinkity/cli/vite.js","statementMap":{"0":{"start":{"line":1,"column":13},"end":{"line":1,"column":28}},"1":{"start":{"line":2,"column":17},"end":{"line":2,"column":32}},"2":{"start":{"line":3,"column":22},"end":{"line":3,"column":37}},"3":{"start":{"line":4,"column":13},"end":{"line":4,"column":39}},"4":{"start":{"line":5,"column":34},"end":{"line":5,"column":75}},"5":{"start":{"line":6,"column":27},"end":{"line":6,"column":53}},"6":{"start":{"line":9,"column":2},"end":{"line":9,"column":86}},"7":{"start":{"line":9,"column":64},"end":{"line":9,"column":84}},"8":{"start":{"line":19,"column":2},"end":{"line":24,"column":3}},"9":{"start":{"line":33,"column":38},"end":{"line":35,"column":3}},"10":{"start":{"line":34,"column":22},"end":{"line":34,"column":50}},"11":{"start":{"line":36,"column":20},"end":{"line":36,"column":39}},"12":{"start":{"line":37,"column":2},"end":{"line":59,"column":3}},"13":{"start":{"line":38,"column":4},"end":{"line":38,"column":20}},"14":{"start":{"line":39,"column":4},"end":{"line":39,"column":24}},"15":{"start":{"line":40,"column":4},"end":{"line":56,"column":6}},"16":{"start":{"line":60,"column":2},"end":{"line":72,"column":3}},"17":{"start":{"line":80,"column":21},"end":{"line":80,"column":73}},"18":{"start":{"line":81,"column":2},"end":{"line":97,"column":3}},"19":{"start":{"line":82,"column":4},"end":{"line":96,"column":5}},"20":{"start":{"line":100,"column":0},"end":{"line":100,"column":78}}},"fnMap":{"0":{"name":"getConfigFile","decl":{"start":{"line":8,"column":9},"end":{"line":8,"column":22}},"loc":{"start":{"line":8,"column":25},"end":{"line":10,"column":1}},"line":8},"1":{"name":"(anonymous_1)","decl":{"start":{"line":9,"column":55},"end":{"line":9,"column":56}},"loc":{"start":{"line":9,"column":64},"end":{"line":9,"column":84}},"line":9},"2":{"name":"getResolvedAliases","decl":{"start":{"line":18,"column":9},"end":{"line":18,"column":27}},"loc":{"start":{"line":18,"column":58},"end":{"line":25,"column":1}},"line":18},"3":{"name":"getSharedConfig","decl":{"start":{"line":32,"column":15},"end":{"line":32,"column":30}},"loc":{"start":{"line":32,"column":44},"end":{"line":73,"column":1}},"line":32},"4":{"name":"(anonymous_4)","decl":{"start":{"line":34,"column":4},"end":{"line":34,"column":5}},"loc":{"start":{"line":34,"column":22},"end":{"line":34,"column":50}},"line":34},"5":{"name":"build","decl":{"start":{"line":79,"column":15},"end":{"line":79,"column":20}},"loc":{"start":{"line":79,"column":53},"end":{"line":98,"column":1}},"line":79}},"branchMap":{"0":{"loc":{"start":{"line":81,"column":2},"end":{"line":97,"column":3}},"type":"if","locations":[{"start":{"line":81,"column":2},"end":{"line":97,"column":3}},{"start":{},"end":{}}],"line":81}},"s":{"0":1,"1":1,"2":1,"3":1,"4":1,"5":1,"6":0,"7":0,"8":0,"9":0,"10":0,"11":0,"12":0,"13":0,"14":0,"15":0,"16":0,"17":0,"18":0,"19":0,"20":1},"f":{"0":0,"1":0,"2":0,"3":0,"4":0,"5":0},"b":{"0":[0,0]},"_coverageSchema":"1a1c01bbd47fc00a2c39e90264f33305004495a9","hash":"c68c6530b2b05ef564b542c4ee001bdf33104c0c"}
,"/Users/PShryock/Desktop/paul/slinkity/packages/slinkity/eleventyConfig/applyViteHtmlTransform.js": {"path":"/Users/PShryock/Desktop/paul/slinkity/packages/slinkity/eleventyConfig/applyViteHtmlTransform.js","statementMap":{"0":{"start":{"line":1,"column":26},"end":{"line":1,"column":41}},"1":{"start":{"line":2,"column":21},"end":{"line":2,"column":36}},"2":{"start":{"line":8,"column":4},"end":{"line":8,"column":30}},"3":{"start":{"line":9,"column":27},"end":{"line":9,"column":66}},"4":{"start":{"line":10,"column":25},"end":{"line":10,"column":61}},"5":{"start":{"line":11,"column":23},"end":{"line":11,"column":50}},"6":{"start":{"line":12,"column":25},"end":{"line":12,"column":61}},"7":{"start":{"line":14,"column":17},"end":{"line":14,"column":54}},"8":{"start":{"line":29,"column":25},"end":{"line":29,"column":34}},"9":{"start":{"line":30,"column":29},"end":{"line":30,"column":72}},"10":{"start":{"line":31,"column":35},"end":{"line":31,"column":37}},"11":{"start":{"line":32,"column":2},"end":{"line":45,"column":3}},"12":{"start":{"line":33,"column":52},"end":{"line":33,"column":66}},"13":{"start":{"line":34,"column":53},"end":{"line":34,"column":98}},"14":{"start":{"line":35,"column":4},"end":{"line":35,"column":82}},"15":{"start":{"line":35,"column":48},"end":{"line":35,"column":81}},"16":{"start":{"line":38,"column":4},"end":{"line":44,"column":5}},"17":{"start":{"line":47,"column":15},"end":{"line":67,"column":5}},"18":{"start":{"line":50,"column":54},"end":{"line":50,"column":76}},"19":{"start":{"line":51,"column":27},"end":{"line":51,"column":80}},"20":{"start":{"line":52,"column":20},"end":{"line":52,"column":65}},"21":{"start":{"line":53,"column":6},"end":{"line":53,"column":141}},"22":{"start":{"line":61,"column":12},"end":{"line":64,"column":17}},"23":{"start":{"line":68,"column":2},"end":{"line":68,"column":13}},"24":{"start":{"line":84,"column":2},"end":{"line":86,"column":3}},"25":{"start":{"line":85,"column":4},"end":{"line":85,"column":18}},"26":{"start":{"line":88,"column":15},"end":{"line":88,"column":92}},"27":{"start":{"line":89,"column":17},"end":{"line":89,"column":36}},"28":{"start":{"line":90,"column":20},"end":{"line":90,"column":91}},"29":{"start":{"line":91,"column":2},"end":{"line":91,"column":92}},"30":{"start":{"line":94,"column":0},"end":{"line":94,"column":62}}},"fnMap":{"0":{"name":"handleSSRComments","decl":{"start":{"line":27,"column":15},"end":{"line":27,"column":32}},"loc":{"start":{"line":27,"column":87},"end":{"line":69,"column":1}},"line":27},"1":{"name":"(anonymous_1)","decl":{"start":{"line":35,"column":29},"end":{"line":35,"column":30}},"loc":{"start":{"line":35,"column":48},"end":{"line":35,"column":81}},"line":35},"2":{"name":"(anonymous_2)","decl":{"start":{"line":49,"column":23},"end":{"line":49,"column":24}},"loc":{"start":{"line":49,"column":34},"end":{"line":54,"column":5}},"line":49},"3":{"name":"(anonymous_3)","decl":{"start":{"line":60,"column":10},"end":{"line":60,"column":11}},"loc":{"start":{"line":61,"column":12},"end":{"line":64,"column":17}},"line":61},"4":{"name":"applyViteHtmlTransform","decl":{"start":{"line":80,"column":15},"end":{"line":80,"column":37}},"loc":{"start":{"line":83,"column":2},"end":{"line":92,"column":1}},"line":83}},"branchMap":{"0":{"loc":{"start":{"line":84,"column":2},"end":{"line":86,"column":3}},"type":"if","locations":[{"start":{"line":84,"column":2},"end":{"line":86,"column":3}},{"start":{},"end":{}}],"line":84},"1":{"loc":{"start":{"line":84,"column":6},"end":{"line":84,"column":50}},"type":"binary-expr","locations":[{"start":{"line":84,"column":6},"end":{"line":84,"column":17}},{"start":{"line":84,"column":21},"end":{"line":84,"column":50}}],"line":84},"2":{"loc":{"start":{"line":91,"column":9},"end":{"line":91,"column":92}},"type":"cond-expr","locations":[{"start":{"line":91,"column":43},"end":{"line":91,"column":85}},{"start":{"line":91,"column":88},"end":{"line":91,"column":92}}],"line":91},"3":{"loc":{"start":{"line":91,"column":9},"end":{"line":91,"column":40}},"type":"binary-expr","locations":[{"start":{"line":91,"column":9},"end":{"line":91,"column":30}},{"start":{"line":91,"column":34},"end":{"line":91,"column":40}}],"line":91}},"s":{"0":1,"1":1,"2":1,"3":1,"4":1,"5":1,"6":1,"7":1,"8":2,"9":2,"10":2,"11":2,"12":6,"13":6,"14":6,"15":10,"16":6,"17":2,"18":3,"19":3,"20":3,"21":3,"22":10,"23":2,"24":2,"25":2,"26":0,"27":0,"28":0,"29":0,"30":1},"f":{"0":2,"1":10,"2":3,"3":10,"4":2},"b":{"0":[2,0],"1":[2,2],"2":[0,0],"3":[0,0]},"_coverageSchema":"1a1c01bbd47fc00a2c39e90264f33305004495a9","hash":"f3002e9456330cdeb5990371c1d094957e562426"}
,"/Users/PShryock/Desktop/paul/slinkity/packages/slinkity/eleventyConfig/componentAttrStore.js": {"path":"/Users/PShryock/Desktop/paul/slinkity/packages/slinkity/eleventyConfig/componentAttrStore.js","statementMap":{"0":{"start":{"line":26,"column":27},"end":{"line":26,"column":29}},"1":{"start":{"line":34,"column":31},"end":{"line":34,"column":45}},"2":{"start":{"line":35,"column":4},"end":{"line":37,"column":5}},"3":{"start":{"line":36,"column":6},"end":{"line":36,"column":45}},"4":{"start":{"line":38,"column":15},"end":{"line":38,"column":61}},"5":{"start":{"line":39,"column":4},"end":{"line":39,"column":70}},"6":{"start":{"line":40,"column":4},"end":{"line":40,"column":13}},"7":{"start":{"line":49,"column":4},"end":{"line":49,"column":51}},"8":{"start":{"line":57,"column":4},"end":{"line":57,"column":27}},"9":{"start":{"line":60,"column":2},"end":{"line":64,"column":3}},"10":{"start":{"line":67,"column":0},"end":{"line":67,"column":41}}},"fnMap":{"0":{"name":"toComponentAttrStore","decl":{"start":{"line":22,"column":9},"end":{"line":22,"column":29}},"loc":{"start":{"line":22,"column":32},"end":{"line":65,"column":1}},"line":22},"1":{"name":"push","decl":{"start":{"line":33,"column":11},"end":{"line":33,"column":15}},"loc":{"start":{"line":33,"column":32},"end":{"line":41,"column":3}},"line":33},"2":{"name":"getAllByPage","decl":{"start":{"line":48,"column":11},"end":{"line":48,"column":23}},"loc":{"start":{"line":48,"column":40},"end":{"line":50,"column":3}},"line":48},"3":{"name":"clear","decl":{"start":{"line":56,"column":11},"end":{"line":56,"column":16}},"loc":{"start":{"line":56,"column":19},"end":{"line":58,"column":3}},"line":56}},"branchMap":{"0":{"loc":{"start":{"line":35,"column":4},"end":{"line":37,"column":5}},"type":"if","locations":[{"start":{"line":35,"column":4},"end":{"line":37,"column":5}},{"start":{},"end":{}}],"line":35},"1":{"loc":{"start":{"line":49,"column":11},"end":{"line":49,"column":51}},"type":"binary-expr","locations":[{"start":{"line":49,"column":11},"end":{"line":49,"column":45}},{"start":{"line":49,"column":49},"end":{"line":49,"column":51}}],"line":49}},"s":{"0":3,"1":3,"2":3,"3":1,"4":3,"5":3,"6":3,"7":3,"8":0,"9":3,"10":1},"f":{"0":3,"1":3,"2":3,"3":0},"b":{"0":[1,2],"1":[3,0]},"_coverageSchema":"1a1c01bbd47fc00a2c39e90264f33305004495a9","hash":"059c09a52fa52b46647ded171d1b1261d912930b"}
,"/Users/PShryock/Desktop/paul/slinkity/packages/slinkity/eleventyConfig/toLoaderScript.js": {"path":"/Users/PShryock/Desktop/paul/slinkity/packages/slinkity/eleventyConfig/toLoaderScript.js","statementMap":{"0":{"start":{"line":1,"column":22},"end":{"line":1,"column":53}},"1":{"start":{"line":2,"column":21},"end":{"line":2,"column":47}},"2":{"start":{"line":3,"column":26},"end":{"line":3,"column":41}},"3":{"start":{"line":15,"column":0},"end":{"line":43,"column":1}},"4":{"start":{"line":18,"column":35},"end":{"line":18,"column":79}},"5":{"start":{"line":19,"column":2},"end":{"line":42,"column":3}},"6":{"start":{"line":20,"column":4},"end":{"line":29,"column":12}},"7":{"start":{"line":30,"column":9},"end":{"line":42,"column":3}},"8":{"start":{"line":31,"column":4},"end":{"line":39,"column":12}},"9":{"start":{"line":41,"column":4},"end":{"line":41,"column":13}}},"fnMap":{"0":{"name":"toLoaderScript","decl":{"start":{"line":15,"column":26},"end":{"line":15,"column":40}},"loc":{"start":{"line":15,"column":85},"end":{"line":43,"column":1}},"line":15}},"branchMap":{"0":{"loc":{"start":{"line":15,"column":71},"end":{"line":15,"column":81}},"type":"default-arg","locations":[{"start":{"line":15,"column":79},"end":{"line":15,"column":81}}],"line":15},"1":{"loc":{"start":{"line":19,"column":2},"end":{"line":42,"column":3}},"type":"if","locations":[{"start":{"line":19,"column":2},"end":{"line":42,"column":3}},{"start":{"line":30,"column":9},"end":{"line":42,"column":3}}],"line":19},"2":{"loc":{"start":{"line":30,"column":9},"end":{"line":42,"column":3}},"type":"if","locations":[{"start":{"line":30,"column":9},"end":{"line":42,"column":3}},{"start":{"line":40,"column":9},"end":{"line":42,"column":3}}],"line":30}},"s":{"0":1,"1":1,"2":1,"3":1,"4":3,"5":3,"6":3,"7":0,"8":0,"9":0},"f":{"0":3},"b":{"0":[0],"1":[3,0],"2":[0,0]},"_coverageSchema":"1a1c01bbd47fc00a2c39e90264f33305004495a9","hash":"97d17b25e1a81dbe04a8c362b3617bf7f289d31b"}
,"/Users/PShryock/Desktop/paul/slinkity/packages/slinkity/eleventyConfig/reactPlugin/addShortcode.js": {"path":"/Users/PShryock/Desktop/paul/slinkity/packages/slinkity/eleventyConfig/reactPlugin/addShortcode.js","statementMap":{"0":{"start":{"line":1,"column":17},"end":{"line":1,"column":32}},"1":{"start":{"line":2,"column":16},"end":{"line":2,"column":45}},"2":{"start":{"line":3,"column":25},"end":{"line":3,"column":54}},"3":{"start":{"line":5,"column":28},"end":{"line":17,"column":1}},"4":{"start":{"line":6,"column":2},"end":{"line":9,"column":3}},"5":{"start":{"line":7,"column":4},"end":{"line":7,"column":47}},"6":{"start":{"line":8,"column":4},"end":{"line":8,"column":13}},"7":{"start":{"line":10,"column":16},"end":{"line":10,"column":18}},"8":{"start":{"line":11,"column":2},"end":{"line":15,"column":3}},"9":{"start":{"line":11,"column":15},"end":{"line":11,"column":16}},"10":{"start":{"line":12,"column":16},"end":{"line":12,"column":24}},"11":{"start":{"line":13,"column":18},"end":{"line":13,"column":30}},"12":{"start":{"line":14,"column":4},"end":{"line":14,"column":22}},"13":{"start":{"line":16,"column":2},"end":{"line":16,"column":14}},"14":{"start":{"line":26,"column":0},"end":{"line":59,"column":1}},"15":{"start":{"line":30,"column":2},"end":{"line":58,"column":4}},"16":{"start":{"line":32,"column":6},"end":{"line":33,"column":52}},"17":{"start":{"line":35,"column":16},"end":{"line":35,"column":18}},"18":{"start":{"line":37,"column":4},"end":{"line":46,"column":5}},"19":{"start":{"line":38,"column":6},"end":{"line":38,"column":22}},"20":{"start":{"line":40,"column":6},"end":{"line":45,"column":8}},"21":{"start":{"line":48,"column":33},"end":{"line":48,"column":38}},"22":{"start":{"line":49,"column":15},"end":{"line":55,"column":6}},"23":{"start":{"line":57,"column":4},"end":{"line":57,"column":27}},"24":{"start":{"line":60,"column":0},"end":{"line":60,"column":56}}},"fnMap":{"0":{"name":"(anonymous_0)","decl":{"start":{"line":5,"column":28},"end":{"line":5,"column":29}},"loc":{"start":{"line":5,"column":69},"end":{"line":17,"column":1}},"line":5},"1":{"name":"addShortcode","decl":{"start":{"line":26,"column":26},"end":{"line":26,"column":38}},"loc":{"start":{"line":29,"column":2},"end":{"line":59,"column":1}},"line":29},"2":{"name":"(anonymous_2)","decl":{"start":{"line":30,"column":39},"end":{"line":30,"column":40}},"loc":{"start":{"line":30,"column":74},"end":{"line":58,"column":3}},"line":30}},"branchMap":{"0":{"loc":{"start":{"line":5,"column":40},"end":{"line":5,"column":50}},"type":"default-arg","locations":[{"start":{"line":5,"column":48},"end":{"line":5,"column":50}}],"line":5},"1":{"loc":{"start":{"line":5,"column":52},"end":{"line":5,"column":65}},"type":"default-arg","locations":[{"start":{"line":5,"column":63},"end":{"line":5,"column":65}}],"line":5},"2":{"loc":{"start":{"line":6,"column":2},"end":{"line":9,"column":3}},"type":"if","locations":[{"start":{"line":6,"column":2},"end":{"line":9,"column":3}},{"start":{},"end":{}}],"line":6},"3":{"loc":{"start":{"line":33,"column":7},"end":{"line":33,"column":51}},"type":"cond-expr","locations":[{"start":{"line":33,"column":40},"end":{"line":33,"column":42}},{"start":{"line":33,"column":45},"end":{"line":33,"column":51}}],"line":33},"4":{"loc":{"start":{"line":37,"column":4},"end":{"line":46,"column":5}},"type":"if","locations":[{"start":{"line":37,"column":4},"end":{"line":46,"column":5}},{"start":{"line":39,"column":11},"end":{"line":46,"column":5}}],"line":37},"5":{"loc":{"start":{"line":48,"column":12},"end":{"line":48,"column":28}},"type":"default-arg","locations":[{"start":{"line":48,"column":21},"end":{"line":48,"column":28}}],"line":48}},"s":{"0":1,"1":1,"2":1,"3":1,"4":5,"5":1,"6":1,"7":4,"8":4,"9":4,"10":4,"11":4,"12":4,"13":4,"14":1,"15":0,"16":0,"17":0,"18":0,"19":0,"20":0,"21":0,"22":0,"23":0,"24":1},"f":{"0":5,"1":0,"2":0},"b":{"0":[1],"1":[4],"2":[1,4],"3":[0,0],"4":[0,0],"5":[0]},"_coverageSchema":"1a1c01bbd47fc00a2c39e90264f33305004495a9","hash":"5f44d9bfe8914632231fa3880e0efe28f5ca64c8"}
,"/Users/PShryock/Desktop/paul/slinkity/packages/slinkity/eleventyConfig/reactPlugin/toRendererHtml.js": {"path":"/Users/PShryock/Desktop/paul/slinkity/packages/slinkity/eleventyConfig/reactPlugin/toRendererHtml.js","statementMap":{"0":{"start":{"line":1,"column":24},"end":{"line":1,"column":67}},"1":{"start":{"line":1,"column":38},"end":{"line":1,"column":67}},"2":{"start":{"line":18,"column":27},"end":{"line":18,"column":55}},"3":{"start":{"line":19,"column":51},"end":{"line":19,"column":78}},"4":{"start":{"line":20,"column":23},"end":{"line":24,"column":3}},"5":{"start":{"line":27,"column":4},"end":{"line":27,"column":92}},"6":{"start":{"line":28,"column":2},"end":{"line":28,"column":45}},"7":{"start":{"line":31,"column":0},"end":{"line":33,"column":1}}},"fnMap":{"0":{"name":"(anonymous_0)","decl":{"start":{"line":1,"column":24},"end":{"line":1,"column":25}},"loc":{"start":{"line":1,"column":38},"end":{"line":1,"column":67}},"line":1},"1":{"name":"toRendererHtml","decl":{"start":{"line":14,"column":9},"end":{"line":14,"column":23}},"loc":{"start":{"line":14,"column":76},"end":{"line":29,"column":1}},"line":14}},"branchMap":{"0":{"loc":{"start":{"line":1,"column":25},"end":{"line":1,"column":33}},"type":"default-arg","locations":[{"start":{"line":1,"column":31},"end":{"line":1,"column":33}}],"line":1},"1":{"loc":{"start":{"line":14,"column":46},"end":{"line":14,"column":56}},"type":"default-arg","locations":[{"start":{"line":14,"column":54},"end":{"line":14,"column":56}}],"line":14},"2":{"loc":{"start":{"line":14,"column":58},"end":{"line":14,"column":72}},"type":"default-arg","locations":[{"start":{"line":14,"column":70},"end":{"line":14,"column":72}}],"line":14},"3":{"loc":{"start":{"line":23,"column":21},"end":{"line":23,"column":36}},"type":"binary-expr","locations":[{"start":{"line":23,"column":21},"end":{"line":23,"column":30}},{"start":{"line":23,"column":34},"end":{"line":23,"column":36}}],"line":23},"4":{"loc":{"start":{"line":27,"column":4},"end":{"line":27,"column":92}},"type":"cond-expr","locations":[{"start":{"line":27,"column":27},"end":{"line":27,"column":61}},{"start":{"line":27,"column":64},"end":{"line":27,"column":92}}],"line":27}},"s":{"0":2,"1":8,"2":8,"3":8,"4":8,"5":8,"6":8,"7":2},"f":{"0":8,"1":8},"b":{"0":[0],"1":[1],"2":[8],"3":[8,8],"4":[0,8]},"_coverageSchema":"1a1c01bbd47fc00a2c39e90264f33305004495a9","hash":"93abb8e13376b922a89d8499597c487360036257"}
,"/Users/PShryock/Desktop/paul/slinkity/packages/slinkity/utils/consts.js": {"path":"/Users/PShryock/Desktop/paul/slinkity/packages/slinkity/utils/consts.js","statementMap":{"0":{"start":{"line":1,"column":23},"end":{"line":1,"column":38}},"1":{"start":{"line":12,"column":23},"end":{"line":14,"column":1}},"2":{"start":{"line":23,"column":23},"end":{"line":28,"column":1}},"3":{"start":{"line":30,"column":17},"end":{"line":32,"column":1}},"4":{"start":{"line":37,"column":35},"end":{"line":37,"column":63}},"5":{"start":{"line":42,"column":34},"end":{"line":42,"column":51}},"6":{"start":{"line":44,"column":19},"end":{"line":44,"column":27}},"7":{"start":{"line":53,"column":2},"end":{"line":53,"column":50}},"8":{"start":{"line":56,"column":29},"end":{"line":56,"column":51}},"9":{"start":{"line":58,"column":0},"end":{"line":67,"column":1}}},"fnMap":{"0":{"name":"toSSRComment","decl":{"start":{"line":52,"column":9},"end":{"line":52,"column":21}},"loc":{"start":{"line":52,"column":26},"end":{"line":54,"column":1}},"line":52}},"branchMap":{},"s":{"0":4,"1":4,"2":4,"3":4,"4":4,"5":4,"6":4,"7":9,"8":4,"9":4},"f":{"0":9},"b":{},"_coverageSchema":"1a1c01bbd47fc00a2c39e90264f33305004495a9","hash":"99d488e6fa2289afcc5728e1e716d74da7526534"}
,"/Users/PShryock/Desktop/paul/slinkity/packages/slinkity/utils/logger.js": {"path":"/Users/PShryock/Desktop/paul/slinkity/packages/slinkity/utils/logger.js","statementMap":{"0":{"start":{"line":1,"column":14},"end":{"line":1,"column":30}},"1":{"start":{"line":3,"column":0},"end":{"line":23,"column":1}},"2":{"start":{"line":15,"column":4},"end":{"line":21,"column":5}},"3":{"start":{"line":16,"column":6},"end":{"line":16,"column":50}},"4":{"start":{"line":17,"column":11},"end":{"line":21,"column":5}},"5":{"start":{"line":18,"column":6},"end":{"line":18,"column":55}},"6":{"start":{"line":20,"column":6},"end":{"line":20,"column":50}}},"fnMap":{"0":{"name":"(anonymous_0)","decl":{"start":{"line":14,"column":2},"end":{"line":14,"column":3}},"loc":{"start":{"line":14,"column":39},"end":{"line":22,"column":3}},"line":14}},"branchMap":{"0":{"loc":{"start":{"line":14,"column":8},"end":{"line":14,"column":21}},"type":"default-arg","locations":[{"start":{"line":14,"column":15},"end":{"line":14,"column":21}}],"line":14},"1":{"loc":{"start":{"line":14,"column":23},"end":{"line":14,"column":35}},"type":"default-arg","locations":[{"start":{"line":14,"column":33},"end":{"line":14,"column":35}}],"line":14},"2":{"loc":{"start":{"line":15,"column":4},"end":{"line":21,"column":5}},"type":"if","locations":[{"start":{"line":15,"column":4},"end":{"line":21,"column":5}},{"start":{"line":17,"column":11},"end":{"line":21,"column":5}}],"line":15},"3":{"loc":{"start":{"line":17,"column":11},"end":{"line":21,"column":5}},"type":"if","locations":[{"start":{"line":17,"column":11},"end":{"line":21,"column":5}},{"start":{"line":19,"column":11},"end":{"line":21,"column":5}}],"line":17}},"s":{"0":2,"1":2,"2":0,"3":0,"4":0,"5":0,"6":0},"f":{"0":0},"b":{"0":[0],"1":[0],"2":[0,0],"3":[0,0]},"_coverageSchema":"1a1c01bbd47fc00a2c39e90264f33305004495a9","hash":"0b24478bac1c6377aee7772d57e2cdaa9d4bedd7"}
,"/Users/PShryock/Desktop/paul/slinkity/packages/slinkity/utils/resolveConfigFilePath.js": {"path":"/Users/PShryock/Desktop/paul/slinkity/packages/slinkity/utils/resolveConfigFilePath.js","statementMap":{"0":{"start":{"line":1,"column":20},"end":{"line":1,"column":35}},"1":{"start":{"line":2,"column":21},"end":{"line":2,"column":43}},"2":{"start":{"line":10,"column":2},"end":{"line":18,"column":3}},"3":{"start":{"line":11,"column":4},"end":{"line":17,"column":5}},"4":{"start":{"line":12,"column":19},"end":{"line":12,"column":32}},"5":{"start":{"line":13,"column":6},"end":{"line":13,"column":26}},"6":{"start":{"line":14,"column":6},"end":{"line":14,"column":17}},"7":{"start":{"line":20,"column":2},"end":{"line":20,"column":18}},"8":{"start":{"line":23,"column":0},"end":{"line":25,"column":1}}},"fnMap":{"0":{"name":"resolveConfigFilePath","decl":{"start":{"line":9,"column":15},"end":{"line":9,"column":36}},"loc":{"start":{"line":9,"column":44},"end":{"line":21,"column":1}},"line":9}},"branchMap":{},"s":{"0":1,"1":1,"2":0,"3":0,"4":0,"5":0,"6":0,"7":0,"8":1},"f":{"0":0},"b":{},"_coverageSchema":"1a1c01bbd47fc00a2c39e90264f33305004495a9","hash":"1e4e3dea8a160fc7c6cb800fafde64ea8cd88c53"}
,"/Users/PShryock/Desktop/paul/slinkity/packages/slinkity/utils/toEscapedHtml.js": {"path":"/Users/PShryock/Desktop/paul/slinkity/packages/slinkity/utils/toEscapedHtml.js","statementMap":{"0":{"start":{"line":6,"column":0},"end":{"line":14,"column":1}},"1":{"start":{"line":8,"column":2},"end":{"line":13,"column":27}}},"fnMap":{"0":{"name":"toEscapedHtml","decl":{"start":{"line":6,"column":26},"end":{"line":6,"column":39}},"loc":{"start":{"line":6,"column":47},"end":{"line":14,"column":1}},"line":6}},"branchMap":{},"s":{"0":2,"1":36},"f":{"0":36},"b":{},"_coverageSchema":"1a1c01bbd47fc00a2c39e90264f33305004495a9","hash":"36d7938d9a24815601f99e1ddc9b05e10347506d"}
,"/Users/PShryock/Desktop/paul/slinkity/packages/slinkity/utils/toFormattedDataForProps.js": {"path":"/Users/PShryock/Desktop/paul/slinkity/packages/slinkity/utils/toFormattedDataForProps.js","statementMap":{"0":{"start":{"line":8,"column":2},"end":{"line":40,"column":3}},"1":{"start":{"line":16,"column":6},"end":{"line":35,"column":7}},"2":{"start":{"line":22,"column":10},"end":{"line":33,"column":12}},"3":{"start":{"line":32,"column":12},"end":{"line":32,"column":71}},"4":{"start":{"line":38,"column":20},"end":{"line":38,"column":77}},"5":{"start":{"line":39,"column":4},"end":{"line":39,"column":32}},"6":{"start":{"line":42,"column":31},"end":{"line":42,"column":33}},"7":{"start":{"line":43,"column":2},"end":{"line":70,"column":3}},"8":{"start":{"line":44,"column":4},"end":{"line":69,"column":6}},"9":{"start":{"line":56,"column":39},"end":{"line":56,"column":48}},"10":{"start":{"line":57,"column":6},"end":{"line":68,"column":7}},"11":{"start":{"line":66,"column":10},"end":{"line":66,"column":37}},"12":{"start":{"line":71,"column":2},"end":{"line":74,"column":3}},"13":{"start":{"line":77,"column":0},"end":{"line":77,"column":40}}},"fnMap":{"0":{"name":"toFormattedDataForProps","decl":{"start":{"line":6,"column":9},"end":{"line":6,"column":32}},"loc":{"start":{"line":6,"column":47},"end":{"line":75,"column":1}},"line":6},"1":{"name":"(anonymous_1)","decl":{"start":{"line":15,"column":36},"end":{"line":15,"column":37}},"loc":{"start":{"line":15,"column":52},"end":{"line":36,"column":5}},"line":15},"2":{"name":"(anonymous_2)","decl":{"start":{"line":21,"column":38},"end":{"line":21,"column":39}},"loc":{"start":{"line":21,"column":48},"end":{"line":34,"column":9}},"line":21},"3":{"name":"(anonymous_3)","decl":{"start":{"line":31,"column":18},"end":{"line":31,"column":19}},"loc":{"start":{"line":31,"column":32},"end":{"line":33,"column":11}},"line":31},"4":{"name":"(anonymous_4)","decl":{"start":{"line":44,"column":68},"end":{"line":44,"column":69}},"loc":{"start":{"line":44,"column":78},"end":{"line":69,"column":5}},"line":44},"5":{"name":"(anonymous_5)","decl":{"start":{"line":65,"column":8},"end":{"line":65,"column":9}},"loc":{"start":{"line":65,"column":30},"end":{"line":67,"column":9}},"line":65}},"branchMap":{"0":{"loc":{"start":{"line":8,"column":2},"end":{"line":40,"column":3}},"type":"if","locations":[{"start":{"line":8,"column":2},"end":{"line":40,"column":3}},{"start":{},"end":{}}],"line":8},"1":{"loc":{"start":{"line":10,"column":4},"end":{"line":36,"column":6}},"type":"binary-expr","locations":[{"start":{"line":10,"column":4},"end":{"line":10,"column":25}},{"start":{"line":11,"column":4},"end":{"line":11,"column":36}},{"start":{"line":13,"column":4},"end":{"line":13,"column":70}},{"start":{"line":14,"column":4},"end":{"line":14,"column":44}},{"start":{"line":15,"column":4},"end":{"line":36,"column":6}}],"line":10},"2":{"loc":{"start":{"line":18,"column":8},"end":{"line":34,"column":10}},"type":"binary-expr","locations":[{"start":{"line":18,"column":8},"end":{"line":18,"column":27}},{"start":{"line":19,"column":8},"end":{"line":19,"column":38}},{"start":{"line":21,"column":8},"end":{"line":34,"column":10}}],"line":18}},"s":{"0":9,"1":1,"2":0,"3":0,"4":8,"5":8,"6":1,"7":1,"8":1,"9":0,"10":0,"11":0,"12":0,"13":1},"f":{"0":9,"1":1,"2":0,"3":0,"4":0,"5":0},"b":{"0":[8,1],"1":[9,8,3,2,1],"2":[1,1,1]},"_coverageSchema":"1a1c01bbd47fc00a2c39e90264f33305004495a9","hash":"7fa68ae8552e05ffc28a64acda359ca103c559fa"}
,"/Users/PShryock/Desktop/paul/slinkity/packages/slinkity/utils/toHtmlAttrString.js": {"path":"/Users/PShryock/Desktop/paul/slinkity/packages/slinkity/utils/toHtmlAttrString.js","statementMap":{"0":{"start":{"line":1,"column":22},"end":{"line":1,"column":48}},"1":{"start":{"line":9,"column":0},"end":{"line":15,"column":1}},"2":{"start":{"line":10,"column":2},"end":{"line":14,"column":14}},"3":{"start":{"line":12,"column":6},"end":{"line":12,"column":68}}},"fnMap":{"0":{"name":"toHtmlAttrString","decl":{"start":{"line":9,"column":26},"end":{"line":9,"column":42}},"loc":{"start":{"line":9,"column":55},"end":{"line":15,"column":1}},"line":9},"1":{"name":"(anonymous_1)","decl":{"start":{"line":11,"column":12},"end":{"line":11,"column":13}},"loc":{"start":{"line":11,"column":41},"end":{"line":13,"column":5}},"line":11}},"branchMap":{"0":{"loc":{"start":{"line":9,"column":43},"end":{"line":9,"column":53}},"type":"default-arg","locations":[{"start":{"line":9,"column":51},"end":{"line":9,"column":53}}],"line":9}},"s":{"0":2,"1":2,"2":17,"3":36},"f":{"0":17,"1":36},"b":{"0":[0]},"_coverageSchema":"1a1c01bbd47fc00a2c39e90264f33305004495a9","hash":"b9074a5abf5d0ac308903fb870728d7d714fd119"}
,"/Users/PShryock/Desktop/paul/slinkity/packages/slinkity/utils/toSlashesTrimmed.js": {"path":"/Users/PShryock/Desktop/paul/slinkity/packages/slinkity/utils/toSlashesTrimmed.js","statementMap":{"0":{"start":{"line":1,"column":0},"end":{"line":3,"column":1}},"1":{"start":{"line":2,"column":2},"end":{"line":2,"column":36}}},"fnMap":{"0":{"name":"toSlashesTrimmed","decl":{"start":{"line":1,"column":26},"end":{"line":1,"column":42}},"loc":{"start":{"line":1,"column":48},"end":{"line":3,"column":1}},"line":1}},"branchMap":{},"s":{"0":1,"1":0},"f":{"0":0},"b":{},"_coverageSchema":"1a1c01bbd47fc00a2c39e90264f33305004495a9","hash":"015a7db8ef9cc0b2440b827071258eb9ac1716c8"}
}
