TN:
SF:packages/slinkity/cli/toViteSSR.js
FN:12,isStyleImport
FN:25,collectCSS
FN:32,(anonymous_2)
FN:48,viteBuild
FN:63,(anonymous_4)
FN:64,(anonymous_5)
FN:108,toViteSSR
FN:117,(anonymous_7)
FN:130,(anonymous_8)
FN:131,(anonymous_9)
FN:147,(anonymous_10)
FN:150,(anonymous_11)
FN:163,(anonymous_12)
FN:176,(anonymous_13)
FN:179,(anonymous_14)
FNF:15
FNH:3
FNDA:30,isStyleImport
FNDA:23,collectCSS
FNDA:20,(anonymous_2)
FNDA:0,viteBuild
FNDA:0,(anonymous_4)
FNDA:0,(anonymous_5)
FNDA:0,toViteSSR
FNDA:0,(anonymous_7)
FNDA:0,(anonymous_8)
FNDA:0,(anonymous_9)
FNDA:0,(anonymous_10)
FNDA:0,(anonymous_11)
FNDA:0,(anonymous_12)
FNDA:0,(anonymous_13)
FNDA:0,(anonymous_14)
DA:1,1
DA:2,1
DA:3,1
DA:4,1
DA:13,30
DA:16,1
DA:26,23
DA:28,18
DA:29,18
DA:30,7
DA:32,11
DA:33,20
DA:38,1
DA:49,0
DA:62,0
DA:63,0
DA:64,0
DA:68,0
DA:69,0
DA:73,0
DA:75,0
DA:76,0
DA:109,0
DA:111,0
DA:113,0
DA:115,0
DA:116,0
DA:118,0
DA:119,0
DA:123,0
DA:124,0
DA:125,0
DA:127,0
DA:128,0
DA:129,0
DA:130,0
DA:131,0
DA:137,0
DA:144,0
DA:145,0
DA:148,0
DA:151,0
DA:158,0
DA:162,0
DA:164,0
DA:165,0
DA:167,0
DA:173,0
DA:174,0
DA:177,0
DA:184,1
LF:51
LH:14
BRDA:25,0,0,3
BRDA:26,1,0,5
BRDA:26,1,1,18
BRDA:26,2,0,23
BRDA:26,2,1,20
BRDA:26,2,2,20
BRDA:29,3,0,7
BRDA:29,3,1,11
BRDA:68,4,0,0
BRDA:68,4,1,0
BRDA:75,5,0,0
BRDA:75,5,1,0
BRDA:113,6,0,0
BRDA:113,6,1,0
BRDA:117,7,0,0
BRDA:118,8,0,0
BRDA:118,8,1,0
BRDA:118,9,0,0
BRDA:118,9,1,0
BRDA:123,10,0,0
BRDA:123,10,1,0
BRDA:163,11,0,0
BRDA:164,12,0,0
BRDA:164,12,1,0
BRDA:164,13,0,0
BRDA:164,13,1,0
BRF:26
BRH:8
end_of_record
TN:
SF:packages/slinkity/cli/vite.js
FN:8,getConfigFile
FN:9,(anonymous_1)
FN:18,getResolvedAliases
FN:32,getSharedConfig
FN:34,(anonymous_4)
FN:79,build
FNF:6
FNH:0
FNDA:0,getConfigFile
FNDA:0,(anonymous_1)
FNDA:0,getResolvedAliases
FNDA:0,getSharedConfig
FNDA:0,(anonymous_4)
FNDA:0,build
DA:1,1
DA:2,1
DA:3,1
DA:4,1
DA:5,1
DA:6,1
DA:9,0
DA:19,0
DA:33,0
DA:34,0
DA:36,0
DA:37,0
DA:38,0
DA:39,0
DA:40,0
DA:60,0
DA:80,0
DA:81,0
DA:82,0
DA:100,1
LF:20
LH:7
BRDA:81,0,0,0
BRDA:81,0,1,0
BRF:2
BRH:0
end_of_record
TN:
SF:packages/slinkity/eleventyConfig/applyViteHtmlTransform.js
FN:27,handleSSRComments
FN:35,(anonymous_1)
FN:49,(anonymous_2)
FN:60,(anonymous_3)
FN:80,applyViteHtmlTransform
FNF:5
FNH:5
FNDA:2,handleSSRComments
FNDA:10,(anonymous_1)
FNDA:3,(anonymous_2)
FNDA:10,(anonymous_3)
FNDA:2,applyViteHtmlTransform
DA:1,1
DA:2,1
DA:8,1
DA:9,1
DA:10,1
DA:11,1
DA:12,1
DA:14,1
DA:29,2
DA:30,2
DA:31,2
DA:32,2
DA:33,6
DA:34,6
DA:35,10
DA:38,6
DA:47,2
DA:50,3
DA:51,3
DA:52,3
DA:53,3
DA:61,10
DA:68,2
DA:84,2
DA:85,2
DA:88,0
DA:89,0
DA:90,0
DA:91,0
DA:94,1
LF:30
LH:26
BRDA:84,0,0,2
BRDA:84,0,1,0
BRDA:84,1,0,2
BRDA:84,1,1,2
BRDA:91,2,0,0
BRDA:91,2,1,0
BRDA:91,3,0,0
BRDA:91,3,1,0
BRF:8
BRH:3
end_of_record
TN:
SF:packages/slinkity/eleventyConfig/componentAttrStore.js
FN:22,toComponentAttrStore
FN:33,push
FN:48,getAllByPage
FN:56,clear
FNF:4
FNH:3
FNDA:3,toComponentAttrStore
FNDA:3,push
FNDA:3,getAllByPage
FNDA:0,clear
DA:26,3
DA:34,3
DA:35,3
DA:36,1
DA:38,3
DA:39,3
DA:40,3
DA:49,3
DA:57,0
DA:60,3
DA:67,1
LF:11
LH:10
BRDA:35,0,0,1
BRDA:35,0,1,2
BRDA:49,1,0,3
BRDA:49,1,1,0
BRF:4
BRH:3
end_of_record
TN:
SF:packages/slinkity/eleventyConfig/toLoaderScript.js
FN:15,toLoaderScript
FNF:1
FNH:1
FNDA:3,toLoaderScript
DA:1,1
DA:2,1
DA:3,1
DA:15,1
DA:18,3
DA:19,3
DA:20,3
DA:30,0
DA:31,0
DA:41,0
LF:10
LH:7
BRDA:15,0,0,0
BRDA:19,1,0,3
BRDA:19,1,1,0
BRDA:30,2,0,0
BRDA:30,2,1,0
BRF:5
BRH:1
end_of_record
TN:
SF:packages/slinkity/eleventyConfig/reactPlugin/addShortcode.js
FN:5,(anonymous_0)
FN:26,addShortcode
FN:30,(anonymous_2)
FNF:3
FNH:1
FNDA:5,(anonymous_0)
FNDA:0,addShortcode
FNDA:0,(anonymous_2)
DA:1,1
DA:2,1
DA:3,1
DA:5,1
DA:6,5
DA:7,1
DA:8,1
DA:10,4
DA:11,4
DA:12,4
DA:13,4
DA:14,4
DA:16,4
DA:26,1
DA:30,0
DA:32,0
DA:35,0
DA:37,0
DA:38,0
DA:40,0
DA:48,0
DA:49,0
DA:57,0
DA:60,1
LF:24
LH:15
BRDA:5,0,0,1
BRDA:5,1,0,4
BRDA:6,2,0,1
BRDA:6,2,1,4
BRDA:33,3,0,0
BRDA:33,3,1,0
BRDA:37,4,0,0
BRDA:37,4,1,0
BRDA:48,5,0,0
BRF:9
BRH:4
end_of_record
TN:
SF:packages/slinkity/eleventyConfig/reactPlugin/toRendererHtml.js
FN:1,(anonymous_0)
FN:14,toRendererHtml
FNF:2
FNH:2
FNDA:8,(anonymous_0)
FNDA:8,toRendererHtml
DA:1,8
DA:18,8
DA:19,8
DA:20,8
DA:27,8
DA:28,8
DA:31,2
LF:7
LH:7
BRDA:1,0,0,0
BRDA:14,1,0,1
BRDA:14,2,0,8
BRDA:23,3,0,8
BRDA:23,3,1,8
BRDA:27,4,0,0
BRDA:27,4,1,8
BRF:7
BRH:5
end_of_record
TN:
SF:packages/slinkity/utils/consts.js
FN:52,toSSRComment
FNF:1
FNH:1
FNDA:9,toSSRComment
DA:1,4
DA:12,4
DA:23,4
DA:30,4
DA:37,4
DA:42,4
DA:44,4
DA:53,9
DA:56,4
DA:58,4
LF:10
LH:10
BRF:0
BRH:0
end_of_record
TN:
SF:packages/slinkity/utils/logger.js
FN:14,(anonymous_0)
FNF:1
FNH:0
FNDA:0,(anonymous_0)
DA:1,2
DA:3,2
DA:15,0
DA:16,0
DA:17,0
DA:18,0
DA:20,0
LF:7
LH:2
BRDA:14,0,0,0
BRDA:14,1,0,0
BRDA:15,2,0,0
BRDA:15,2,1,0
BRDA:17,3,0,0
BRDA:17,3,1,0
BRF:6
BRH:0
end_of_record
TN:
SF:packages/slinkity/utils/resolveConfigFilePath.js
FN:9,resolveConfigFilePath
FNF:1
FNH:0
FNDA:0,resolveConfigFilePath
DA:1,1
DA:2,1
DA:10,0
DA:11,0
DA:12,0
DA:13,0
DA:14,0
DA:20,0
DA:23,1
LF:9
LH:3
BRF:0
BRH:0
end_of_record
TN:
SF:packages/slinkity/utils/toEscapedHtml.js
FN:6,toEscapedHtml
FNF:1
FNH:1
FNDA:36,toEscapedHtml
DA:6,2
DA:8,36
LF:2
LH:2
BRF:0
BRH:0
end_of_record
TN:
SF:packages/slinkity/utils/toFormattedDataForProps.js
FN:6,toFormattedDataForProps
FN:9,(anonymous_1)
FN:30,(anonymous_2)
FNF:3
FNH:3
FNDA:1,toFormattedDataForProps
FNDA:1,(anonymous_1)
FNDA:1,(anonymous_2)
DA:7,1
DA:8,1
DA:9,1
DA:21,1
DA:22,1
DA:31,1
DA:36,1
DA:42,1
LF:8
LH:8
BRDA:6,0,0,0
BRDA:8,1,0,1
BRDA:8,1,1,0
BRDA:23,2,0,1
BRDA:23,2,1,0
BRDA:24,3,0,1
BRDA:24,3,1,0
BRDA:25,4,0,1
BRDA:25,4,1,0
BRDA:26,5,0,1
BRDA:26,5,1,0
BRDA:27,6,0,1
BRDA:27,6,1,0
BRDA:28,7,0,1
BRDA:28,7,1,0
BRDA:31,8,0,1
BRDA:31,8,1,0
BRF:17
BRH:8
end_of_record
TN:
SF:packages/slinkity/utils/toHtmlAttrString.js
FN:9,toHtmlAttrString
FN:11,(anonymous_1)
FNF:2
FNH:2
FNDA:17,toHtmlAttrString
FNDA:36,(anonymous_1)
DA:1,2
DA:9,2
DA:10,17
DA:12,36
LF:4
LH:4
BRDA:9,0,0,0
BRF:1
BRH:0
end_of_record
TN:
SF:packages/slinkity/utils/toSlashesTrimmed.js
FN:1,toSlashesTrimmed
FNF:1
FNH:0
FNDA:0,toSlashesTrimmed
DA:1,1
DA:2,0
LF:2
LH:1
BRF:0
BRH:0
end_of_record
